<?xml version="1.0" encoding="UTF-8"?>
<!-- Generated by org.testng.reporters.JUnitReportReporter -->
<testsuite hostname="LAPTOP-41VI2DO3" failures="0" tests="1" name="com.qa.saucedemo.test.MainTest" time="3.721" errors="0" timestamp="06 Sep 2021 23:48:57 GMT" skipped="0">
  <testcase classname="com.qa.saucedemo.test.MainTest" name="MainTest" time="3.721"/>
</testsuite> <!-- com.qa.saucedemo.test.MainTest -->
