<?xml version="1.0" encoding="UTF-8"?>
<!-- Generated by org.testng.reporters.JUnitReportReporter -->
<testsuite hostname="LAPTOP-41VI2DO3" failures="0" tests="4" name="com.qa.saucedemo.test.ProductPageTest" time="1.379" errors="0" timestamp="06 Sep 2021 23:48:57 GMT" skipped="0">
  <testcase classname="com.qa.saucedemo.test.ProductPageTest" name="verifyAscendingOrderOfPrices" time="0.225"/>
  <testcase classname="com.qa.saucedemo.test.ProductPageTest" name="clickOnMultipleProducts" time="0.943"/>
  <testcase classname="com.qa.saucedemo.test.ProductPageTest" name="verifyDescendingOrderOfPrices" time="0.187"/>
  <testcase classname="com.qa.saucedemo.test.ProductPageTest" name="verifyTheCountOfImages" time="0.024"/>
</testsuite> <!-- com.qa.saucedemo.test.ProductPageTest -->
