<?xml version="1.0" encoding="UTF-8"?>
<!-- Generated by org.testng.reporters.JUnitReportReporter -->
<testsuite hostname="LAPTOP-41VI2DO3" failures="0" tests="2" name="com.qa.saucedemo.test.LoginPageTest" time="0.959" errors="0" timestamp="06 Sep 2021 23:48:57 GMT" skipped="0">
  <testcase classname="com.qa.saucedemo.test.LoginPageTest" name="verifyTitleFromLogin" time="0.084"/>
  <testcase classname="com.qa.saucedemo.test.LoginPageTest" name="verifyCorrectlLogin" time="0.875"/>
</testsuite> <!-- com.qa.saucedemo.test.LoginPageTest -->
